1734416297.361381 [0] vehicle_si: config: Domain/General/MulticastRecvNetworkInterfaceAddresses/#text: preferred {}
1734416297.361420 [0] vehicle_si: config: Domain/General/ExternalNetworkAddress/#text: auto {}
1734416297.361431 [0] vehicle_si: config: Domain/General/ExternalNetworkMask/#text: 0.0.0.0 {}
1734416297.361439 [0] vehicle_si: config: Domain/General/AllowMulticast/#text: true {1}
1734416297.361446 [0] vehicle_si: config: Domain/General/MulticastTimeToLive/#text: 32 {}
1734416297.361453 [0] vehicle_si: config: Domain/General/DontRoute/#text: false {}
1734416297.361461 [0] vehicle_si: config: Domain/General/Transport/#text: udp {}
1734416297.361468 [0] vehicle_si: config: Domain/General/EnableMulticastLoopback/#text: true {}
1734416297.361475 [0] vehicle_si: config: Domain/General/MaxMessageSize/#text: 14720 B {}
1734416297.361482 [0] vehicle_si: config: Domain/General/MaxRexmitMessageSize/#text: 1456 B {}
1734416297.361489 [0] vehicle_si: config: Domain/General/FragmentSize/#text: 1344 B {}
1734416297.361496 [0] vehicle_si: config: Domain/General/RedundantNetworking/#text: false {}
1734416297.361504 [0] vehicle_si: config: Domain/General/EntityAutoNaming/#text: empty {}
1734416297.361512 [0] vehicle_si: config: Domain/General/EntityAutoNaming[@seed]: 3704940822 1245450028 423128899 1571849340 672071480 2720675420 3252300537 4070156191 {}
1734416297.361521 [0] vehicle_si: config: Domain/Sizing/ReceiveBufferSize/#text: 1 MiB {}
1734416297.361528 [0] vehicle_si: config: Domain/Sizing/ReceiveBufferChunkSize/#text: 128 KiB {}
1734416297.361535 [0] vehicle_si: config: Domain/Compatibility/StandardsConformance/#text: lax {}
1734416297.361543 [0] vehicle_si: config: Domain/Compatibility/ExplicitlyPublishQosSetToDefault/#text: false {}
1734416297.361550 [0] vehicle_si: config: Domain/Compatibility/ManySocketsMode/#text: single {}
1734416297.361557 [0] vehicle_si: config: Domain/Compatibility/AssumeRtiHasPmdEndpoints/#text: false {}
1734416297.361564 [0] vehicle_si: config: Domain/Discovery/Tag/#text:  {}
1734416297.361571 [0] vehicle_si: config: Domain/Discovery/ExternalDomainId/#text: 0 {}
1734416297.361579 [0] vehicle_si: config: Domain/Discovery/DSGracePeriod/#text: 30 s {}
1734416297.361587 [0] vehicle_si: config: Domain/Discovery/Peers/Peer[@Address]: 192.168.0.167 {1}
1734416297.361594 [0] vehicle_si: config: Domain/Discovery/Peers/Peer[@PruneDelay]: default {}
1734416297.361601 [0] vehicle_si: config: Domain/Discovery/Peers/Peer[@Address]: 192.168.0.150 {1}
1734416297.361608 [0] vehicle_si: config: Domain/Discovery/Peers/Peer[@PruneDelay]: default {}
1734416297.361616 [0] vehicle_si: config: Domain/Discovery/Peers[@AddLocalhost]: default {}
1734416297.361623 [0] vehicle_si: config: Domain/Discovery/ParticipantIndex/#text: -3 {}
1734416297.361630 [0] vehicle_si: config: Domain/Discovery/MaxAutoParticipantIndex/#text: 99 {}
1734416297.361637 [0] vehicle_si: config: Domain/Discovery/SPDPMulticastAddress/#text: 239.255.0.1 {}
1734416297.361644 [0] vehicle_si: config: Domain/Discovery/SPDPInterval/#text: default {}
1734416297.361651 [0] vehicle_si: config: Domain/Discovery/DefaultMulticastAddress/#text: auto {}
1734416297.361658 [0] vehicle_si: config: Domain/Discovery/InitialLocatorPruneDelay/#text: 30 s {}
1734416297.361665 [0] vehicle_si: config: Domain/Discovery/DiscoveredLocatorPruneDelay/#text: 1 min {}
1734416297.361672 [0] vehicle_si: config: Domain/Discovery/Ports/Base/#text: 7400 {}
1734416297.361680 [0] vehicle_si: config: Domain/Discovery/Ports/DomainGain/#text: 250 {}
1734416297.361687 [0] vehicle_si: config: Domain/Discovery/Ports/ParticipantGain/#text: 2 {}
1734416297.361694 [0] vehicle_si: config: Domain/Discovery/Ports/MulticastMetaOffset/#text: 0 {}
1734416297.361702 [0] vehicle_si: config: Domain/Discovery/Ports/UnicastMetaOffset/#text: 10 {}
1734416297.361709 [0] vehicle_si: config: Domain/Discovery/Ports/MulticastDataOffset/#text: 1 {}
1734416297.361716 [0] vehicle_si: config: Domain/Discovery/Ports/UnicastDataOffset/#text: 11 {}
1734416297.361723 [0] vehicle_si: config: Domain/Discovery/EnableTopicDiscoveryEndpoints/#text: false {}
1734416297.361738 [0] vehicle_si: config: Domain/Discovery/LeaseDuration/#text: 10 s {}
1734416297.361752 [0] vehicle_si: config: Domain/Tracing/Category/#text: fatal,error,warning,info,config {1}
1734416297.361760 [0] vehicle_si: config: Domain/Tracing/OutputFile/#text: cyclonedds.log {1}
1734416297.361767 [0] vehicle_si: config: Domain/Tracing/AppendToFile/#text: false {1}
1734416297.361774 [0] vehicle_si: config: Domain/Tracing/PacketCaptureFile/#text:  {}
1734416297.361781 [0] vehicle_si: config: Domain/Internal/DeliveryQueueMaxSamples/#text: 256 {}
1734416297.361788 [0] vehicle_si: config: Domain/Internal/PrimaryReorderMaxSamples/#text: 128 {}
1734416297.361796 [0] vehicle_si: config: Domain/Internal/SecondaryReorderMaxSamples/#text: 128 {}
1734416297.361803 [0] vehicle_si: config: Domain/Internal/DefragUnreliableMaxSamples/#text: 4 {}
1734416297.361810 [0] vehicle_si: config: Domain/Internal/DefragReliableMaxSamples/#text: 16 {}
1734416297.361817 [0] vehicle_si: config: Domain/Internal/BuiltinEndpointSet/#text: writers {}
1734416297.361823 [0] vehicle_si: config: Domain/Internal/MeasureHbToAckLatency/#text: false {}
1734416297.361830 [0] vehicle_si: config: Domain/Internal/SynchronousDeliveryPriorityThreshold/#text: 0 {}
1734416297.361838 [0] vehicle_si: config: Domain/Internal/SynchronousDeliveryLatencyBound/#text: inf {}
1734416297.361844 [0] vehicle_si: config: Domain/Internal/MaxParticipants/#text: 0 {}
1734416297.361851 [0] vehicle_si: config: Domain/Internal/AccelerateRexmitBlockSize/#text: 0 {}
1734416297.361859 [0] vehicle_si: config: Domain/Internal/RetransmitMerging/#text: never {}
1734416297.361866 [0] vehicle_si: config: Domain/Internal/RetransmitMergingPeriod/#text: 5 ms {}
1734416297.361873 [0] vehicle_si: config: Domain/Internal/HeartbeatInterval/#text: 100 ms {}
1734416297.361880 [0] vehicle_si: config: Domain/Internal/HeartbeatInterval[@min]: 5 ms {}
1734416297.361887 [0] vehicle_si: config: Domain/Internal/HeartbeatInterval[@minsched]: 20 ms {}
1734416297.361894 [0] vehicle_si: config: Domain/Internal/HeartbeatInterval[@max]: 8 s {}
1734416297.361901 [0] vehicle_si: config: Domain/Internal/MaxQueuedRexmitBytes/#text: 512 KiB {}
1734416297.361909 [0] vehicle_si: config: Domain/Internal/MaxQueuedRexmitMessages/#text: 200 {}
1734416297.361916 [0] vehicle_si: config: Domain/Internal/WriterLingerDuration/#text: 1 s {}
1734416297.361923 [0] vehicle_si: config: Domain/Internal/SocketReceiveBufferSize[@min]: default {}
1734416297.361930 [0] vehicle_si: config: Domain/Internal/SocketReceiveBufferSize[@max]: default {}
1734416297.361937 [0] vehicle_si: config: Domain/Internal/SocketSendBufferSize[@min]: 64 KiB {}
1734416297.361944 [0] vehicle_si: config: Domain/Internal/SocketSendBufferSize[@max]: default {}
1734416297.361952 [0] vehicle_si: config: Domain/Internal/NackDelay/#text: 100 ms {}
1734416297.361959 [0] vehicle_si: config: Domain/Internal/AckDelay/#text: 10 ms {}
1734416297.361966 [0] vehicle_si: config: Domain/Internal/AutoReschedNackDelay/#text: 3 s {}
1734416297.361972 [0] vehicle_si: config: Domain/Internal/PreEmptiveAckDelay/#text: 10 ms {}
1734416297.361980 [0] vehicle_si: config: Domain/Internal/SquashParticipants/#text: false {}
1734416297.361987 [0] vehicle_si: config: Domain/Internal/SPDPResponseMaxDelay/#text: 0 s {}
1734416297.361994 [0] vehicle_si: config: Domain/Internal/LateAckMode/#text: false {}
1734416297.362001 [0] vehicle_si: config: Domain/Internal/RetryOnRejectBestEffort/#text: false {}
1734416297.362008 [0] vehicle_si: config: Domain/Internal/GenerateKeyhash/#text: false {}
1734416297.362016 [0] vehicle_si: config: Domain/Internal/MaxSampleSize/#text: 2147483647 B {}
1734416297.362023 [0] vehicle_si: config: Domain/Internal/LivelinessMonitoring/#text: false {}
1734416297.362030 [0] vehicle_si: config: Domain/Internal/LivelinessMonitoring[@StackTraces]: true {}
1734416297.362037 [0] vehicle_si: config: Domain/Internal/LivelinessMonitoring[@Interval]: 1 s {}
1734416297.362044 [0] vehicle_si: config: Domain/Internal/MonitorPort/#text: -1 {}
1734416297.362051 [0] vehicle_si: config: Domain/Internal/PrioritizeRetransmit/#text: true {}
1734416297.362063 [0] vehicle_si: config: Domain/Internal/UseMulticastIfMreqn/#text: 0 {}
1734416297.362070 [0] vehicle_si: config: Domain/Internal/RediscoveryBlacklistDuration/#text: 0 s {}
1734416297.362077 [0] vehicle_si: config: Domain/Internal/RediscoveryBlacklistDuration[@enforce]: false {}
1734416297.362084 [0] vehicle_si: config: Domain/Internal/MultipleReceiveThreads/#text: default {}
1734416297.362091 [0] vehicle_si: config: Domain/Internal/MultipleReceiveThreads[@maxretries]: 4294967295 {}
1734416297.362099 [0] vehicle_si: config: Domain/Internal/Test/XmitLossiness/#text: 0 {}
1734416297.362106 [0] vehicle_si: config: Domain/Internal/Watermarks/WhcLow/#text: 1 KiB {}
1734416297.362113 [0] vehicle_si: config: Domain/Internal/Watermarks/WhcHigh/#text: 500 KiB {}
1734416297.362121 [0] vehicle_si: config: Domain/Internal/Watermarks/WhcHighInit/#text: 30 KiB {}
1734416297.362128 [0] vehicle_si: config: Domain/Internal/Watermarks/WhcAdaptive/#text: true {}
1734416297.362135 [0] vehicle_si: config: Domain/Internal/BurstSize/MaxRexmit/#text: 1 MiB {}
1734416297.362142 [0] vehicle_si: config: Domain/Internal/BurstSize/MaxInitTransmit/#text: 4294967295 {}
1734416297.362150 [0] vehicle_si: config: Domain/Internal/BurstSize/MaxFragsRexmitSample/#text: 1 {}
1734416297.362156 [0] vehicle_si: config: Domain/Internal/ExtendedPacketInfo/#text: true {}
1734416297.362164 [0] vehicle_si: config: Domain/Internal/EnableExpensiveChecks/#text:  [ignored] {}
1734416297.362171 [0] vehicle_si: config: Domain/TCP/NoDelay/#text: true {}
1734416297.362178 [0] vehicle_si: config: Domain/TCP/Port/#text: -1 {}
1734416297.362185 [0] vehicle_si: config: Domain/TCP/ReadTimeout/#text: 2 s {}
1734416297.362192 [0] vehicle_si: config: Domain/TCP/WriteTimeout/#text: 2 s {}
1734416297.362200 [0] vehicle_si: config: Domain/TCP/AlwaysUsePeeraddrForUnicast/#text: false {}
1734416297.362207 [0] vehicle_si: config: Domain/SSL/Enable/#text: false {}
1734416297.362214 [0] vehicle_si: config: Domain/SSL/CertificateVerification/#text: true {}
1734416297.362221 [0] vehicle_si: config: Domain/SSL/VerifyClient/#text: true {}
1734416297.362227 [0] vehicle_si: config: Domain/SSL/SelfSignedCertificates/#text: false {}
1734416297.362235 [0] vehicle_si: config: Domain/SSL/KeystoreFile/#text: keystore {}
1734416297.362242 [0] vehicle_si: config: Domain/SSL/KeyPassphrase/#text: secret {}
1734416297.362249 [0] vehicle_si: config: Domain/SSL/Ciphers/#text: ALL:!ADH:!LOW:!EXP:!MD5:@STRENGTH {}
1734416297.362256 [0] vehicle_si: config: Domain/SSL/EntropyFile/#text:  {}
1734416297.362263 [0] vehicle_si: config: Domain/SSL/MinimumTLSVersion/#text: 1.3 {}
1734416297.362270 [0] vehicle_si: config: Domain[@Id]: 0 {1}
1734416297.362327 [0] vehicle_si: started at 1734416297.06362280 -- 2024-12-17 14:18:17+08:00
1734416297.362335 [0] vehicle_si: Version: CycloneDDS 0.11.0 82f13655 
1734416297.362354 [0] vehicle_si: udp initialized
1734416297.363079 [0] vehicle_si: interfaces: lo udp/127.0.0.1(q1) wlp6s0 wireless udp/192.168.0.150(q9)
1734416297.363099 [0] vehicle_si: selected interfaces: wlp6s0 (index 3 priority 0 mc {spdp,asm,ssm})
1734416297.363115 [0] vehicle_si: ownip: udp/192.168.0.150
1734416297.363122 [0] vehicle_si: extmask: invalid/0 (not applicable)
1734416297.363129 [0] vehicle_si: SPDP MC: udp/239.255.0.1
1734416297.363135 [0] vehicle_si: default MC: udp/239.255.0.1
1734416297.363142 [0] vehicle_si: SSM support included
1734416297.363279 [0] vehicle_si: rtps_init: trying to find a free participant index
1734416297.363303 [0] vehicle_si: failed to increase socket receive buffer size to 1048576 bytes, continuing with 425984 bytes
1734416297.363322 [0] vehicle_si: failed to increase socket receive buffer size to 1048576 bytes, continuing with 425984 bytes
1734416297.363333 [0] vehicle_si: rtps_init: uc ports: disc 7410 data 7411
1734416297.363340 [0] vehicle_si: rtps_init: domainid 0 participantid 1
1734416297.363346 [0] vehicle_si: Unicast Ports: discovery 7410 data 7411
1734416297.363361 [0] vehicle_si: failed to increase socket receive buffer size to 1048576 bytes, continuing with 425984 bytes
1734416297.363390 [0] vehicle_si: failed to increase socket receive buffer size to 1048576 bytes, continuing with 425984 bytes
1734416297.363402 [0] vehicle_si: Multicast Ports: discovery 7400 data 7401 
1734416297.363415 [0] vehicle_si: failed to increase socket receive buffer size to 1048576 bytes, continuing with 425984 bytes
1734416297.363430 [0] vehicle_si: interface wlp6s0: transmit port 49456
1734416297.363515 [0] vehicle_si: add_peer_address: add udp/192.168.0.167:7410 ... :7608 (prune delay 30000000000)
1734416297.363563 [0] vehicle_si: add_peer_address: add udp/192.168.0.150:7410 ... :7608 (prune delay 30000000000)
1734416297.363576 [0] vehicle_si: interface wlp6s0 has spdp multicast enabled, adding udp/239.255.0.1:7400@3 (never expiring)
